<?xml version="1.0" encoding="UTF-8"?>
<testsuite xmlns:xsi="http://www.w3.org/2001/XMLSchema-instance" xsi:noNamespaceSchemaLocation="https://maven.apache.org/surefire/maven-surefire-plugin/xsd/surefire-test-report-3.0.xsd" version="3.0" name="com.soporte.tpg_soporte.TpgSoporteApplicationTests" time="3.256" tests="1" errors="0" skipped="0" failures="0">
  <properties>
[...]
</properties>
  <testcase name="contextLoads" classname="com.soporte.tpg_soporte.TpgSoporteApplicationTests" time="0.869">
    <system-out><![CDATA[16:42:09.359 [main] INFO org.springframework.test.context.support.AnnotationConfigContextLoaderUtils -- Could not detect default configuration classes for test class [com.soporte.tpg_soporte.TpgSoporteApplicationTests]: TpgSoporteApplicationTests does not declare any static, non-private, non-final, nested classes annotated with @Configuration.
16:42:09.442 [main] INFO org.springframework.boot.test.context.SpringBootTestContextBootstrapper -- Found @SpringBootConfiguration com.soporte.tpg_soporte.TpgSoporteApplication for test class com.soporte.tpg_soporte.TpgSoporteApplicationTests

  .   ____          _            __ _ _
 /\\ / ___'_ __ _ _(_)_ __  __ _ \ \ \ \
( ( )\___ | '_ | '_| | '_ \/ _` | \ \ \ \
 \\/  ___)| |_)| | | | | || (_| |  ) ) ) )
  '  |____| .__|_| |_|_| |_\__, | / / / /
 =========|_|==============|___/=/_/_/_/
 :: Spring Boot ::                (v3.1.0)

2023-06-13T16:42:09.866-03:00  INFO 21220 --- [           main] c.s.t.TpgSoporteApplicationTests         : Starting TpgSoporteApplicationTests using Java 17.0.7 with PID 21220 (started by nath in /home/nath/tp_aninfo)
2023-06-13T16:42:09.868-03:00  INFO 21220 --- [           main] c.s.t.TpgSoporteApplicationTests         : No active profile set, falling back to 1 default profile: "default"
2023-06-13T16:42:11.565-03:00  INFO 21220 --- [           main] c.s.t.TpgSoporteApplicationTests         : Started TpgSoporteApplicationTests in 1.965 seconds (process running for 2.846)
]]></system-out>
  </testcase>
</testsuite>